# JRE version: Java(TM) SE Runtime Environment 18.9 (11.0.23+7) (build 11.0.23+7-LTS-222)
# Java VM: Java HotSpot(TM) 64-Bit Server VM 18.9 (11.0.23+7-LTS-222, mixed mode, tiered, compressed oops, g1 gc, windows-amd64)
Heap:
 garbage-first heap   total 258048K, used 104914K [0x00000000e0000000, 0x0000000100000000)
  region size 1024K, 95 young (97280K), 6 survivors (6144K)
 Metaspace       used 45590K, capacity 47006K, committed 47024K, reserved 1089536K
  class space    used 5805K, capacity 6382K, committed 6400K, reserved 1048576K
GC Heap History (10 events):
Event: 0.550 GC heap before
{Heap before GC invocations=0 (full 0):
 garbage-first heap   total 258048K, used 24576K [0x00000000e0000000, 0x0000000100000000)
  region size 1024K, 24 young (24576K), 0 survivors (0K)
 Metaspace       used 13440K, capacity 13751K, committed 13952K, reserved 1060864K
  class space    used 1443K, capacity 1557K, committed 1664K, reserved 1048576K
}
Event: 0.554 GC heap after
{Heap after GC invocations=1 (full 0):
 garbage-first heap   total 258048K, used 8765K [0x00000000e0000000, 0x0000000100000000)
  region size 1024K, 3 young (3072K), 3 survivors (3072K)
 Metaspace       used 13440K, capacity 13751K, committed 13952K, reserved 1060864K
  class space    used 1443K, capacity 1557K, committed 1664K, reserved 1048576K
}
Event: 1.021 GC heap before
{Heap before GC invocations=1 (full 0):
 garbage-first heap   total 258048K, used 49725K [0x00000000e0000000, 0x0000000100000000)
  region size 1024K, 44 young (45056K), 3 survivors (3072K)
 Metaspace       used 20488K, capacity 21172K, committed 21296K, reserved 1069056K
  class space    used 2354K, capacity 2628K, committed 2688K, reserved 1048576K
}
Event: 1.025 GC heap after
{Heap after GC invocations=2 (full 0):
 garbage-first heap   total 258048K, used 10353K [0x00000000e0000000, 0x0000000100000000)
  region size 1024K, 5 young (5120K), 5 survivors (5120K)
 Metaspace       used 20488K, capacity 21172K, committed 21296K, reserved 1069056K
  class space    used 2354K, capacity 2628K, committed 2688K, reserved 1048576K
}
Event: 1.320 GC heap before
{Heap before GC invocations=3 (full 0):
 garbage-first heap   total 258048K, used 39025K [0x00000000e0000000, 0x0000000100000000)
  region size 1024K, 33 young (33792K), 5 survivors (5120K)
 Metaspace       used 24559K, capacity 25504K, committed 25648K, reserved 1071104K
  class space    used 2960K, capacity 3341K, committed 3456K, reserved 1048576K
}
Event: 1.324 GC heap after
{Heap after GC invocations=4 (full 0):
 garbage-first heap   total 258048K, used 11733K [0x00000000e0000000, 0x0000000100000000)
  region size 1024K, 3 young (3072K), 3 survivors (3072K)
 Metaspace       used 24559K, capacity 25504K, committed 25648K, reserved 1071104K
  class space    used 2960K, capacity 3341K, committed 3456K, reserved 1048576K
}
Event: 1.677 GC heap before
{Heap before GC invocations=4 (full 0):
 garbage-first heap   total 258048K, used 74197K [0x00000000e0000000, 0x0000000100000000)
  region size 1024K, 64 young (65536K), 3 survivors (3072K)
 Metaspace       used 31402K, capacity 32482K, committed 32560K, reserved 1077248K
  class space    used 3774K, capacity 4205K, committed 4224K, reserved 1048576K
}
Event: 1.680 GC heap after
{Heap after GC invocations=5 (full 0):
 garbage-first heap   total 258048K, used 13754K [0x00000000e0000000, 0x0000000100000000)
  region size 1024K, 5 young (5120K), 5 survivors (5120K)
 Metaspace       used 31402K, capacity 32482K, committed 32560K, reserved 1077248K
  class space    used 3774K, capacity 4205K, committed 4224K, reserved 1048576K
}
Event: 2.052 GC heap before
{Heap before GC invocations=5 (full 0):
 garbage-first heap   total 258048K, used 50618K [0x00000000e0000000, 0x0000000100000000)
  region size 1024K, 42 young (43008K), 5 survivors (5120K)
 Metaspace       used 34661K, capacity 35804K, committed 35888K, reserved 1081344K
  class space    used 4219K, capacity 4712K, committed 4736K, reserved 1048576K
}
Event: 2.057 GC heap after
{Heap after GC invocations=6 (full 0):
 garbage-first heap   total 258048K, used 14802K [0x00000000e0000000, 0x0000000100000000)
  region size 1024K, 6 young (6144K), 6 survivors (6144K)
 Metaspace       used 34661K, capacity 35804K, committed 35888K, reserved 1081344K
  class space    used 4219K, capacity 4712K, committed 4736K, reserved 1048576K
}

