# JRE version: Java(TM) SE Runtime Environment 18.9 (11.0.23+7) (build 11.0.23+7-LTS-222)
# Java VM: Java HotSpot(TM) 64-Bit Server VM 18.9 (11.0.23+7-LTS-222, mixed mode, tiered, compressed oops, g1 gc, windows-amd64)
Heap:
 garbage-first heap   total 262144K, used 188341K [0x00000000e0000000, 0x0000000100000000)
  region size 1024K, 87 young (89088K), 9 survivors (9216K)
 Metaspace       used 88557K, capacity 92418K, committed 92584K, reserved 464896K
  class space    used 11206K, capacity 12614K, committed 12720K, reserved 385024K
GC Heap History (10 events):
Event: 503.742 GC heap before
{Heap before GC invocations=16 (full 0):
 garbage-first heap   total 262144K, used 203582K [0x00000000e0000000, 0x0000000100000000)
  region size 1024K, 133 young (136192K), 13 survivors (13312K)
 Metaspace       used 83116K, capacity 86555K, committed 86696K, reserved 460800K
  class space    used 10745K, capacity 12072K, committed 12208K, reserved 385024K
}
Event: 503.747 GC heap after
{Heap after GC invocations=17 (full 0):
 garbage-first heap   total 262144K, used 86428K [0x00000000e0000000, 0x0000000100000000)
  region size 1024K, 13 young (13312K), 13 survivors (13312K)
 Metaspace       used 83116K, capacity 86555K, committed 86696K, reserved 460800K
  class space    used 10745K, capacity 12072K, committed 12208K, reserved 385024K
}
Event: 559.532 GC heap before
{Heap before GC invocations=17 (full 0):
 garbage-first heap   total 262144K, used 206236K [0x00000000e0000000, 0x0000000100000000)
  region size 1024K, 130 young (133120K), 13 survivors (13312K)
 Metaspace       used 84518K, capacity 88099K, committed 88360K, reserved 462848K
  class space    used 10844K, capacity 12212K, committed 12336K, reserved 385024K
}
Event: 559.535 GC heap after
{Heap after GC invocations=18 (full 0):
 garbage-first heap   total 262144K, used 79776K [0x00000000e0000000, 0x0000000100000000)
  region size 1024K, 7 young (7168K), 7 survivors (7168K)
 Metaspace       used 84518K, capacity 88099K, committed 88360K, reserved 462848K
  class space    used 10844K, capacity 12212K, committed 12336K, reserved 385024K
}
Event: 560.425 GC heap before
{Heap before GC invocations=18 (full 0):
 garbage-first heap   total 262144K, used 208800K [0x00000000e0000000, 0x0000000100000000)
  region size 1024K, 132 young (135168K), 7 survivors (7168K)
 Metaspace       used 86213K, capacity 89849K, committed 90024K, reserved 462848K
  class space    used 11019K, capacity 12404K, committed 12464K, reserved 385024K
}
Event: 560.432 GC heap after
{Heap after GC invocations=19 (full 0):
 garbage-first heap   total 262144K, used 97795K [0x00000000e0000000, 0x0000000100000000)
  region size 1024K, 17 young (17408K), 17 survivors (17408K)
 Metaspace       used 86213K, capacity 89849K, committed 90024K, reserved 462848K
  class space    used 11019K, capacity 12404K, committed 12464K, reserved 385024K
}
Event: 698.665 GC heap before
{Heap before GC invocations=19 (full 0):
 garbage-first heap   total 262144K, used 203267K [0x00000000e0000000, 0x0000000100000000)
  region size 1024K, 120 young (122880K), 17 survivors (17408K)
 Metaspace       used 86696K, capacity 90379K, committed 90536K, reserved 464896K
  class space    used 11028K, capacity 12416K, committed 12464K, reserved 385024K
}
Event: 698.673 GC heap after
{Heap after GC invocations=20 (full 0):
 garbage-first heap   total 262144K, used 100749K [0x00000000e0000000, 0x0000000100000000)
  region size 1024K, 9 young (9216K), 9 survivors (9216K)
 Metaspace       used 86696K, capacity 90379K, committed 90536K, reserved 464896K
  class space    used 11028K, capacity 12416K, committed 12464K, reserved 385024K
}
Event: 699.290 GC heap before
{Heap before GC invocations=20 (full 0):
 garbage-first heap   total 262144K, used 205197K [0x00000000e0000000, 0x0000000100000000)
  region size 1024K, 111 young (113664K), 9 survivors (9216K)
 Metaspace       used 88316K, capacity 92103K, committed 92328K, reserved 464896K
  class space    used 11197K, capacity 12599K, committed 12720K, reserved 385024K
}
Event: 699.295 GC heap after
{Heap after GC invocations=21 (full 0):
 garbage-first heap   total 262144K, used 108469K [0x00000000e0000000, 0x0000000100000000)
  region size 1024K, 9 young (9216K), 9 survivors (9216K)
 Metaspace       used 88316K, capacity 92103K, committed 92328K, reserved 464896K
  class space    used 11197K, capacity 12599K, committed 12720K, reserved 385024K
}

