# JRE version: Java(TM) SE Runtime Environment 18.9 (11.0.23+7) (build 11.0.23+7-LTS-222)
# Java VM: Java HotSpot(TM) 64-Bit Server VM 18.9 (11.0.23+7-LTS-222, mixed mode, tiered, compressed oops, g1 gc, windows-amd64)
Heap:
 garbage-first heap   total 258048K, used 65184K [0x00000000e0000000, 0x0000000100000000)
  region size 1024K, 52 young (53248K), 10 survivors (10240K)
 Metaspace       used 60804K, capacity 62401K, committed 62640K, reserved 1103872K
  class space    used 7953K, capacity 8592K, committed 8704K, reserved 1048576K
GC Heap History (10 events):
Event: 0.926 GC heap before
{Heap before GC invocations=2 (full 0):
 garbage-first heap   total 258048K, used 25523K [0x00000000e0000000, 0x0000000100000000)
  region size 1024K, 18 young (18432K), 2 survivors (2048K)
 Metaspace       used 20483K, capacity 21172K, committed 21296K, reserved 1069056K
  class space    used 2353K, capacity 2628K, committed 2688K, reserved 1048576K
}
Event: 0.928 GC heap after
{Heap after GC invocations=3 (full 0):
 garbage-first heap   total 258048K, used 10617K [0x00000000e0000000, 0x0000000100000000)
  region size 1024K, 2 young (2048K), 2 survivors (2048K)
 Metaspace       used 20483K, capacity 21172K, committed 21296K, reserved 1069056K
  class space    used 2353K, capacity 2628K, committed 2688K, reserved 1048576K
}
Event: 1.651 GC heap before
{Heap before GC invocations=4 (full 0):
 garbage-first heap   total 258048K, used 103801K [0x00000000e0000000, 0x0000000100000000)
  region size 1024K, 93 young (95232K), 2 survivors (2048K)
 Metaspace       used 31619K, capacity 32621K, committed 32816K, reserved 1077248K
  class space    used 3796K, capacity 4207K, committed 4224K, reserved 1048576K
}
Event: 1.654 GC heap after
{Heap after GC invocations=5 (full 0):
 garbage-first heap   total 258048K, used 14044K [0x00000000e0000000, 0x0000000100000000)
  region size 1024K, 5 young (5120K), 5 survivors (5120K)
 Metaspace       used 31619K, capacity 32621K, committed 32816K, reserved 1077248K
  class space    used 3796K, capacity 4207K, committed 4224K, reserved 1048576K
}
Event: 2.049 GC heap before
{Heap before GC invocations=5 (full 0):
 garbage-first heap   total 258048K, used 45788K [0x00000000e0000000, 0x0000000100000000)
  region size 1024K, 37 young (37888K), 5 survivors (5120K)
 Metaspace       used 34659K, capacity 35804K, committed 35888K, reserved 1081344K
  class space    used 4223K, capacity 4712K, committed 4736K, reserved 1048576K
}
Event: 2.053 GC heap after
{Heap after GC invocations=6 (full 0):
 garbage-first heap   total 258048K, used 14965K [0x00000000e0000000, 0x0000000100000000)
  region size 1024K, 6 young (6144K), 6 survivors (6144K)
 Metaspace       used 34659K, capacity 35804K, committed 35888K, reserved 1081344K
  class space    used 4223K, capacity 4712K, committed 4736K, reserved 1048576K
}
Event: 3.305 GC heap before
{Heap before GC invocations=7 (full 0):
 garbage-first heap   total 258048K, used 127605K [0x00000000e0000000, 0x0000000100000000)
  region size 1024K, 116 young (118784K), 6 survivors (6144K)
 Metaspace       used 53497K, capacity 55031K, committed 55344K, reserved 1097728K
  class space    used 6846K, capacity 7457K, committed 7552K, reserved 1048576K
}
Event: 3.310 GC heap after
{Heap after GC invocations=8 (full 0):
 garbage-first heap   total 258048K, used 21893K [0x00000000e0000000, 0x0000000100000000)
  region size 1024K, 13 young (13312K), 13 survivors (13312K)
 Metaspace       used 53497K, capacity 55031K, committed 55344K, reserved 1097728K
  class space    used 6846K, capacity 7457K, committed 7552K, reserved 1048576K
}
Event: 3.632 GC heap before
{Heap before GC invocations=8 (full 0):
 garbage-first heap   total 258048K, used 57733K [0x00000000e0000000, 0x0000000100000000)
  region size 1024K, 49 young (50176K), 13 survivors (13312K)
 Metaspace       used 58664K, capacity 60160K, committed 60208K, reserved 1101824K
  class space    used 7658K, capacity 8292K, committed 8320K, reserved 1048576K
}
Event: 3.641 GC heap after
{Heap after GC invocations=9 (full 0):
 garbage-first heap   total 258048K, used 23200K [0x00000000e0000000, 0x0000000100000000)
  region size 1024K, 10 young (10240K), 10 survivors (10240K)
 Metaspace       used 58664K, capacity 60160K, committed 60208K, reserved 1101824K
  class space    used 7658K, capacity 8292K, committed 8320K, reserved 1048576K
}

