# JRE version: Java(TM) SE Runtime Environment 18.9 (11.0.23+7) (build 11.0.23+7-LTS-222)
# Java VM: Java HotSpot(TM) 64-Bit Server VM 18.9 (11.0.23+7-LTS-222, mixed mode, tiered, compressed oops, g1 gc, windows-amd64)
Heap:
 garbage-first heap   total 272384K, used 147456K [0x00000000e0000000, 0x0000000100000000)
  region size 1024K, 27 young (27648K), 9 survivors (9216K)
 Metaspace       used 57088K, capacity 58967K, committed 59312K, reserved 436224K
  class space    used 7542K, capacity 8275K, committed 8368K, reserved 385024K
GC Heap History (10 events):
Event: 6.332 GC heap before
{Heap before GC invocations=9 (full 0):
 garbage-first heap   total 262144K, used 198358K [0x00000000e0000000, 0x0000000100000000)
  region size 1024K, 153 young (156672K), 14 survivors (14336K)
 Metaspace       used 55734K, capacity 57574K, committed 57904K, reserved 436224K
  class space    used 7408K, capacity 8115K, committed 8240K, reserved 385024K
}
Event: 6.339 GC heap after
{Heap after GC invocations=10 (full 0):
 garbage-first heap   total 262144K, used 60856K [0x00000000e0000000, 0x0000000100000000)
  region size 1024K, 11 young (11264K), 11 survivors (11264K)
 Metaspace       used 55734K, capacity 57574K, committed 57904K, reserved 436224K
  class space    used 7408K, capacity 8115K, committed 8240K, reserved 385024K
}
Event: 6.488 GC heap before
{Heap before GC invocations=10 (full 0):
 garbage-first heap   total 262144K, used 202168K [0x00000000e0000000, 0x0000000100000000)
  region size 1024K, 149 young (152576K), 11 survivors (11264K)
 Metaspace       used 55752K, capacity 57577K, committed 57904K, reserved 436224K
  class space    used 7410K, capacity 8116K, committed 8240K, reserved 385024K
}
Event: 6.494 GC heap after
{Heap after GC invocations=11 (full 0):
 garbage-first heap   total 262144K, used 65858K [0x00000000e0000000, 0x0000000100000000)
  region size 1024K, 16 young (16384K), 16 survivors (16384K)
 Metaspace       used 55752K, capacity 57577K, committed 57904K, reserved 436224K
  class space    used 7410K, capacity 8116K, committed 8240K, reserved 385024K
}
Event: 6.626 GC heap before
{Heap before GC invocations=11 (full 0):
 garbage-first heap   total 262144K, used 206146K [0x00000000e0000000, 0x0000000100000000)
  region size 1024K, 153 young (156672K), 16 survivors (16384K)
 Metaspace       used 55752K, capacity 57577K, committed 57904K, reserved 436224K
  class space    used 7410K, capacity 8116K, committed 8240K, reserved 385024K
}
Event: 6.634 GC heap after
{Heap after GC invocations=12 (full 0):
 garbage-first heap   total 262144K, used 73109K [0x00000000e0000000, 0x0000000100000000)
  region size 1024K, 18 young (18432K), 18 survivors (18432K)
 Metaspace       used 55752K, capacity 57577K, committed 57904K, reserved 436224K
  class space    used 7410K, capacity 8116K, committed 8240K, reserved 385024K
}
Event: 6.843 GC heap before
{Heap before GC invocations=12 (full 0):
 garbage-first heap   total 262144K, used 208277K [0x00000000e0000000, 0x0000000100000000)
  region size 1024K, 151 young (154624K), 18 survivors (18432K)
 Metaspace       used 55792K, capacity 57641K, committed 57904K, reserved 436224K
  class space    used 7410K, capacity 8116K, committed 8240K, reserved 385024K
}
Event: 6.848 GC heap after
{Heap after GC invocations=13 (full 0):
 garbage-first heap   total 262144K, used 69058K [0x00000000e0000000, 0x0000000100000000)
  region size 1024K, 10 young (10240K), 10 survivors (10240K)
 Metaspace       used 55792K, capacity 57641K, committed 57904K, reserved 436224K
  class space    used 7410K, capacity 8116K, committed 8240K, reserved 385024K
}
Event: 7.141 GC heap before
{Heap before GC invocations=13 (full 0):
 garbage-first heap   total 262144K, used 214466K [0x00000000e0000000, 0x0000000100000000)
  region size 1024K, 149 young (152576K), 10 survivors (10240K)
 Metaspace       used 56878K, capacity 58763K, committed 59056K, reserved 436224K
  class space    used 7540K, capacity 8273K, committed 8368K, reserved 385024K
}
Event: 7.166 GC heap after
{Heap after GC invocations=14 (full 0):
 garbage-first heap   total 272384K, used 113859K [0x00000000e0000000, 0x0000000100000000)
  region size 1024K, 19 young (19456K), 19 survivors (19456K)
 Metaspace       used 56878K, capacity 58763K, committed 59056K, reserved 436224K
  class space    used 7540K, capacity 8273K, committed 8368K, reserved 385024K
}

