# JRE version: Java(TM) SE Runtime Environment 18.9 (11.0.23+7) (build 11.0.23+7-LTS-222)
# Java VM: Java HotSpot(TM) 64-Bit Server VM 18.9 (11.0.23+7-LTS-222, mixed mode, tiered, compressed oops, g1 gc, windows-amd64)
Heap:
 garbage-first heap   total 258048K, used 112124K [0x0000000704600000, 0x0000000800000000)
  region size 1024K, 105 young (107520K), 7 survivors (7168K)
 Metaspace       used 42854K, capacity 44051K, committed 44188K, reserved 1087488K
  class space    used 5254K, capacity 5751K, committed 5808K, reserved 1048576K
GC Heap History (8 events):
Event: 0.433 GC heap before
{Heap before GC invocations=0 (full 0):
 garbage-first heap   total 258048K, used 23552K [0x0000000704600000, 0x0000000800000000)
  region size 1024K, 24 young (24576K), 0 survivors (0K)
 Metaspace       used 10936K, capacity 11390K, committed 11520K, reserved 1058816K
  class space    used 1106K, capacity 1257K, committed 1280K, reserved 1048576K
}
Event: 0.436 GC heap after
{Heap after GC invocations=1 (full 0):
 garbage-first heap   total 258048K, used 5885K [0x0000000704600000, 0x0000000800000000)
  region size 1024K, 3 young (3072K), 3 survivors (3072K)
 Metaspace       used 10936K, capacity 11390K, committed 11520K, reserved 1058816K
  class space    used 1106K, capacity 1257K, committed 1280K, reserved 1048576K
}
Event: 0.936 GC heap before
{Heap before GC invocations=1 (full 0):
 garbage-first heap   total 258048K, used 54013K [0x0000000704600000, 0x0000000800000000)
  region size 1024K, 51 young (52224K), 3 survivors (3072K)
 Metaspace       used 20596K, capacity 21232K, committed 21296K, reserved 1069056K
  class space    used 2318K, capacity 2569K, committed 2608K, reserved 1048576K
}
Event: 0.940 GC heap after
{Heap after GC invocations=2 (full 0):
 garbage-first heap   total 258048K, used 8040K [0x0000000704600000, 0x0000000800000000)
  region size 1024K, 6 young (6144K), 6 survivors (6144K)
 Metaspace       used 20596K, capacity 21232K, committed 21296K, reserved 1069056K
  class space    used 2318K, capacity 2569K, committed 2608K, reserved 1048576K
}
Event: 1.262 GC heap before
{Heap before GC invocations=3 (full 0):
 garbage-first heap   total 258048K, used 60264K [0x0000000704600000, 0x0000000800000000)
  region size 1024K, 57 young (58368K), 6 survivors (6144K)
 Metaspace       used 27534K, capacity 28409K, committed 28592K, reserved 1075200K
  class space    used 3325K, capacity 3694K, committed 3760K, reserved 1048576K
}
Event: 1.266 GC heap after
{Heap after GC invocations=4 (full 0):
 garbage-first heap   total 258048K, used 10850K [0x0000000704600000, 0x0000000800000000)
  region size 1024K, 6 young (6144K), 6 survivors (6144K)
 Metaspace       used 27534K, capacity 28409K, committed 28592K, reserved 1075200K
  class space    used 3325K, capacity 3694K, committed 3760K, reserved 1048576K
}
Event: 1.675 GC heap before
{Heap before GC invocations=4 (full 0):
 garbage-first heap   total 258048K, used 81506K [0x0000000704600000, 0x0000000800000000)
  region size 1024K, 76 young (77824K), 6 survivors (6144K)
 Metaspace       used 34884K, capacity 35824K, committed 35888K, reserved 1081344K
  class space    used 4223K, capacity 4611K, committed 4656K, reserved 1048576K
}
Event: 1.680 GC heap after
{Heap after GC invocations=5 (full 0):
 garbage-first heap   total 258048K, used 12796K [0x0000000704600000, 0x0000000800000000)
  region size 1024K, 7 young (7168K), 7 survivors (7168K)
 Metaspace       used 34884K, capacity 35824K, committed 35888K, reserved 1081344K
  class space    used 4223K, capacity 4611K, committed 4656K, reserved 1048576K
}

