# JRE version: Java(TM) SE Runtime Environment 18.9 (11.0.23+7) (build 11.0.23+7-LTS-222)
# Java VM: Java HotSpot(TM) 64-Bit Server VM 18.9 (11.0.23+7-LTS-222, mixed mode, tiered, compressed oops, g1 gc, windows-amd64)
Heap:
 garbage-first heap   total 258048K, used 75025K [0x00000000e0000000, 0x0000000100000000)
  region size 1024K, 68 young (69632K), 4 survivors (4096K)
 Metaspace       used 34408K, capacity 35530K, committed 35632K, reserved 1081344K
  class space    used 4270K, capacity 4703K, committed 4736K, reserved 1048576K
GC Heap History (8 events):
Event: 0.571 GC heap before
{Heap before GC invocations=0 (full 0):
 garbage-first heap   total 258048K, used 23552K [0x00000000e0000000, 0x0000000100000000)
  region size 1024K, 24 young (24576K), 0 survivors (0K)
 Metaspace       used 13682K, capacity 14007K, committed 14208K, reserved 1062912K
  class space    used 1471K, capacity 1600K, committed 1664K, reserved 1048576K
}
Event: 0.575 GC heap after
{Heap after GC invocations=1 (full 0):
 garbage-first heap   total 258048K, used 7969K [0x00000000e0000000, 0x0000000100000000)
  region size 1024K, 3 young (3072K), 3 survivors (3072K)
 Metaspace       used 13682K, capacity 14007K, committed 14208K, reserved 1062912K
  class space    used 1471K, capacity 1600K, committed 1664K, reserved 1048576K
}
Event: 0.813 GC heap before
{Heap before GC invocations=1 (full 0):
 garbage-first heap   total 258048K, used 26401K [0x00000000e0000000, 0x0000000100000000)
  region size 1024K, 21 young (21504K), 3 survivors (3072K)
 Metaspace       used 17012K, capacity 17617K, committed 17792K, reserved 1064960K
  class space    used 1941K, capacity 2160K, committed 2176K, reserved 1048576K
}
Event: 0.815 GC heap after
{Heap after GC invocations=2 (full 0):
 garbage-first heap   total 258048K, used 8658K [0x00000000e0000000, 0x0000000100000000)
  region size 1024K, 1 young (1024K), 1 survivors (1024K)
 Metaspace       used 17012K, capacity 17617K, committed 17792K, reserved 1064960K
  class space    used 1941K, capacity 2160K, committed 2176K, reserved 1048576K
}
Event: 1.041 GC heap before
{Heap before GC invocations=2 (full 0):
 garbage-first heap   total 258048K, used 28114K [0x00000000e0000000, 0x0000000100000000)
  region size 1024K, 21 young (21504K), 1 survivors (1024K)
 Metaspace       used 20455K, capacity 21154K, committed 21296K, reserved 1069056K
  class space    used 2346K, capacity 2620K, committed 2688K, reserved 1048576K
}
Event: 1.043 GC heap after
{Heap after GC invocations=3 (full 0):
 garbage-first heap   total 258048K, used 9346K [0x00000000e0000000, 0x0000000100000000)
  region size 1024K, 2 young (2048K), 2 survivors (2048K)
 Metaspace       used 20455K, capacity 21154K, committed 21296K, reserved 1069056K
  class space    used 2346K, capacity 2620K, committed 2688K, reserved 1048576K
}
Event: 1.439 GC heap before
{Heap before GC invocations=4 (full 0):
 garbage-first heap   total 258048K, used 67714K [0x00000000e0000000, 0x0000000100000000)
  region size 1024K, 59 young (60416K), 2 survivors (2048K)
 Metaspace       used 27917K, capacity 28918K, committed 29232K, reserved 1075200K
  class space    used 3495K, capacity 3878K, committed 3968K, reserved 1048576K
}
Event: 1.442 GC heap after
{Heap after GC invocations=5 (full 0):
 garbage-first heap   total 258048K, used 11537K [0x00000000e0000000, 0x0000000100000000)
  region size 1024K, 4 young (4096K), 4 survivors (4096K)
 Metaspace       used 27917K, capacity 28918K, committed 29232K, reserved 1075200K
  class space    used 3495K, capacity 3878K, committed 3968K, reserved 1048576K
}

