# JRE version: Java(TM) SE Runtime Environment 18.9 (11.0.23+7) (build 11.0.23+7-LTS-222)
# Java VM: Java HotSpot(TM) 64-Bit Server VM 18.9 (11.0.23+7-LTS-222, mixed mode, tiered, compressed oops, g1 gc, windows-amd64)
Heap:
 garbage-first heap   total 310272K, used 12530K [0x0000000704600000, 0x0000000800000000)
  region size 1024K, 8 young (8192K), 8 survivors (8192K)
 Metaspace       used 34969K, capacity 35811K, committed 35840K, reserved 1081344K
  class space    used 4144K, capacity 4451K, committed 4480K, reserved 1048576K
GC Heap History (9 events):
Event: 0.466 GC heap before
{Heap before GC invocations=0 (full 0):
 garbage-first heap   total 258048K, used 23552K [0x0000000704600000, 0x0000000800000000)
  region size 1024K, 24 young (24576K), 0 survivors (0K)
 Metaspace       used 13104K, capacity 13355K, committed 13440K, reserved 1060864K
  class space    used 1330K, capacity 1408K, committed 1408K, reserved 1048576K
}
Event: 0.468 GC heap after
{Heap after GC invocations=1 (full 0):
 garbage-first heap   total 258048K, used 4949K [0x0000000704600000, 0x0000000800000000)
  region size 1024K, 3 young (3072K), 3 survivors (3072K)
 Metaspace       used 13104K, capacity 13355K, committed 13440K, reserved 1060864K
  class space    used 1330K, capacity 1408K, committed 1408K, reserved 1048576K
}
Event: 0.842 GC heap before
{Heap before GC invocations=1 (full 0):
 garbage-first heap   total 258048K, used 39765K [0x0000000704600000, 0x0000000800000000)
  region size 1024K, 38 young (38912K), 3 survivors (3072K)
 Metaspace       used 20642K, capacity 21105K, committed 21248K, reserved 1069056K
  class space    used 2304K, capacity 2479K, committed 2560K, reserved 1048576K
}
Event: 0.846 GC heap after
{Heap after GC invocations=2 (full 0):
 garbage-first heap   total 258048K, used 6781K [0x0000000704600000, 0x0000000800000000)
  region size 1024K, 5 young (5120K), 5 survivors (5120K)
 Metaspace       used 20642K, capacity 21105K, committed 21248K, reserved 1069056K
  class space    used 2304K, capacity 2479K, committed 2560K, reserved 1048576K
}
Event: 1.028 GC heap before
{Heap before GC invocations=3 (full 0):
 garbage-first heap   total 258048K, used 44669K [0x0000000704600000, 0x0000000800000000)
  region size 1024K, 43 young (44032K), 5 survivors (5120K)
 Metaspace       used 26766K, capacity 27325K, committed 27392K, reserved 1073152K
  class space    used 3102K, capacity 3293K, committed 3328K, reserved 1048576K
}
Event: 1.031 GC heap after
{Heap after GC invocations=4 (full 0):
 garbage-first heap   total 258048K, used 8676K [0x0000000704600000, 0x0000000800000000)
  region size 1024K, 4 young (4096K), 4 survivors (4096K)
 Metaspace       used 26766K, capacity 27325K, committed 27392K, reserved 1073152K
  class space    used 3102K, capacity 3293K, committed 3328K, reserved 1048576K
}
Event: 1.545 GC heap before
{Heap before GC invocations=4 (full 0):
 garbage-first heap   total 258048K, used 71140K [0x0000000704600000, 0x0000000800000000)
  region size 1024K, 65 young (66560K), 4 survivors (4096K)
 Metaspace       used 33628K, capacity 34398K, committed 34560K, reserved 1079296K
  class space    used 3971K, capacity 4274K, committed 4352K, reserved 1048576K
}
Event: 1.548 GC heap after
{Heap after GC invocations=5 (full 0):
 garbage-first heap   total 258048K, used 11425K [0x0000000704600000, 0x0000000800000000)
  region size 1024K, 7 young (7168K), 7 survivors (7168K)
 Metaspace       used 33628K, capacity 34398K, committed 34560K, reserved 1079296K
  class space    used 3971K, capacity 4274K, committed 4352K, reserved 1048576K
}
Event: 1.651 GC heap before
{Heap before GC invocations=5 (full 0):
 garbage-first heap   total 258048K, used 18593K [0x0000000704600000, 0x0000000800000000)
  region size 1024K, 15 young (15360K), 7 survivors (7168K)
 Metaspace       used 34969K, capacity 35811K, committed 35840K, reserved 1081344K
  class space    used 4144K, capacity 4451K, committed 4480K, reserved 1048576K
}

